NAME : 0M4ETBzlZv.86742417.tour
COMMENT : Length = 86742417
COMMENT : Found by LKH-3 [Keld Helsgaun] Sun May  7 15:34:58 2023
TYPE : TOUR
DIMENSION : 532
TOUR_SECTION
1
2
6
7
9
8
10
13
14
11
12
15
17
18
20
23
25
32
29
24
30
33
34
35
37
42
45
47
46
44
43
48
54
59
53
52
51
57
55
90
81
82
93
94
100
104
108
113
114
115
126
133
130
112
96
83
87
71
65
63
60
66
74
85
106
97
79
72
64
68
77
99
124
143
132
145
144
164
163
155
185
196
186
197
211
219
230
225
252
262
260
271
269
259
263
242
236
216
203
189
148
125
138
158
149
153
178
180
191
210
218
221
237
231
255
280
291
264
272
276
288
306
310
342
358
387
399
409
434
448
451
460
453
444
439
438
436
429
425
416
413
415
414
408
403
397
404
405
426
423
420
402
417
424
427
430
437
435
419
410
407
433
445
447
463
468
469
470
461
477
481
467
456
431
418
400
380
374
395
428
442
450
474
490
498
501
495
494
531
532
519
505
496
493
484
462
459
458
455
440
454
449
412
393
394
396
384
365
370
371
343
335
329
349
355
360
375
372
385
411
441
478
486
482
492
502
500
483
491
504
509
522
526
510
499
487
443
479
497
514
528
529
530
527
516
512
508
513
523
525
524
521
518
520
515
517
511
507
506
503
488
480
485
489
476
475
473
472
464
465
452
446
457
466
422
421
406
386
378
363
353
341
331
317
314
256
240
192
222
244
243
278
285
302
311
290
220
217
239
238
199
251
337
354
347
361
383
390
401
432
471
398
389
377
369
356
350
336
330
274
157
117
139
173
98
69
95
88
61
62
121
142
184
229
266
293
327
320
301
268
235
202
152
165
172
171
137
128
127
122
116
101
92
76
41
50
56
103
123
120
109
91
67
73
75
86
78
119
134
135
156
166
179
167
176
198
209
224
205
207
190
200
177
162
147
154
174
181
204
194
188
183
175
170
136
131
146
159
182
187
208
195
213
223
232
227
228
249
248
245
270
281
279
284
295
326
332
345
318
316
313
299
308
324
340
344
334
321
305
303
282
292
258
273
250
234
212
201
226
257
246
254
277
294
300
312
319
339
328
348
352
364
359
367
379
392
376
382
388
391
381
373
368
362
366
357
338
323
333
351
346
325
307
304
297
287
298
289
267
253
247
233
275
283
309
322
315
286
296
265
261
241
215
214
206
169
160
193
168
161
151
150
140
141
129
118
110
102
89
107
105
111
84
80
70
58
40
27
21
19
31
39
49
38
36
28
26
22
16
5
4
3
-1
EOF
